<?xml version="1.0" encoding="UTF-8"?>
<!-- Generated by org.testng.reporters.JUnitReportReporter -->
<testsuite hostname="C-HIT-PF12T8HV" name="deckofcards.testsuites.Drawdeckofcardstestsuite" tests="1" failures="0" timestamp="8 Feb 2021 14:15:39 GMT" time="0.868" errors="0">
  <testcase name="drawDeckofcardsTC001" time="0.868" classname="deckofcards.testsuites.Drawdeckofcardstestsuite"/>
</testsuite> <!-- deckofcards.testsuites.Drawdeckofcardstestsuite -->
