<?xml version="1.0" encoding="UTF-8"?>
<!-- Generated by org.testng.reporters.JUnitReportReporter -->
<testsuite hostname="C-HIT-PF12T8HV" name="deckofcards.testsuites.Createdeckofcardstestsuite" tests="2" failures="0" timestamp="8 Feb 2021 14:15:39 GMT" time="3.873" errors="0">
  <testcase name="CreateDeckofcardsTC002" time="1.356" classname="deckofcards.testsuites.Createdeckofcardstestsuite"/>
  <testcase name="CreateDeckofcardsTC001" time="2.517" classname="deckofcards.testsuites.Createdeckofcardstestsuite"/>
</testsuite> <!-- deckofcards.testsuites.Createdeckofcardstestsuite -->
